<?xml version="1.0" encoding="UTF-8"?>
<!-- Generated by org.testng.reporters.JUnitReportReporter -->
<testsuite hostname="NDRT38-ANKIT" failures="0" tests="2" name="testfiles.loginPageTest" time="6.257" errors="0" timestamp="20 Apr 2018 09:18:23 GMT" skipped="0">
  <testcase classname="testfiles.loginPageTest" name="title" time="3.248"/>
  <testcase classname="testfiles.loginPageTest" name="loginkaro" time="3.009"/>
</testsuite> <!-- testfiles.loginPageTest -->
